2022-03-05 20:48:35.702  INFO 17196 --- [restartedMain] com.mindskip.xzs.XzsApplication          : Starting XzsApplication on DESKTOP-SKB4ABI with PID 17196 (started by 黄涛 in C:\Users\黄涛\Desktop\2022黄涛毕业设计\xzs-mysql\source\xzs)
2022-03-05 20:48:35.706  INFO 17196 --- [restartedMain] com.mindskip.xzs.XzsApplication          : The following profiles are active: dev
2022-03-05 20:48:35.773  INFO 17196 --- [restartedMain] .e.DevToolsPropertyDefaultsPostProcessor : Devtools property defaults active! Set 'spring.devtools.add-properties' to 'false' to disable
2022-03-05 20:48:35.773  INFO 17196 --- [restartedMain] .e.DevToolsPropertyDefaultsPostProcessor : For additional web related logging consider setting the 'logging.level.web' property to 'DEBUG'
2022-03-05 20:48:37.182  WARN 17196 --- [restartedMain] io.undertow.websockets.jsr               : UT026010: Buffer pool was not set on WebSocketDeploymentInfo, the default pool will be used
2022-03-05 20:48:37.199  INFO 17196 --- [restartedMain] io.undertow.servlet                      : Initializing Spring embedded WebApplicationContext
2022-03-05 20:48:37.199  INFO 17196 --- [restartedMain] o.s.web.context.ContextLoader            : Root WebApplicationContext: initialization completed in 1426 ms
2022-03-05 20:48:38.229  INFO 17196 --- [restartedMain] o.s.s.web.DefaultSecurityFilterChain     : Creating filter chain: any request, [org.springframework.security.web.context.request.async.WebAsyncManagerIntegrationFilter@eecc390, org.springframework.security.web.context.SecurityContextPersistenceFilter@7a64294c, org.springframework.security.web.header.HeaderWriterFilter@349e6546, org.springframework.web.filter.CorsFilter@b077119, org.springframework.security.web.authentication.logout.LogoutFilter@70dc8603, com.mindskip.xzs.configuration.spring.security.RestLoginAuthenticationFilter@2bc50118, org.springframework.security.web.authentication.UsernamePasswordAuthenticationFilter@79d70666, org.springframework.security.web.savedrequest.RequestCacheAwareFilter@588cdb40, org.springframework.security.web.servletapi.SecurityContextHolderAwareRequestFilter@1f1f6ed5, org.springframework.security.web.authentication.rememberme.RememberMeAuthenticationFilter@347c0bcf, org.springframework.security.web.authentication.AnonymousAuthenticationFilter@68c47ace, org.springframework.security.web.session.SessionManagementFilter@6f434db0, org.springframework.security.web.access.ExceptionTranslationFilter@328e7261, org.springframework.security.web.access.intercept.FilterSecurityInterceptor@21beb7d4]
2022-03-05 20:48:38.635  INFO 17196 --- [restartedMain] o.s.b.d.a.OptionalLiveReloadServer       : LiveReload server is running on port 35729
2022-03-05 20:48:38.680  INFO 17196 --- [restartedMain] org.xnio                                 : XNIO version 3.3.8.Final
2022-03-05 20:48:38.689  INFO 17196 --- [restartedMain] org.xnio.nio                             : XNIO NIO Implementation Version 3.3.8.Final
2022-03-05 20:48:38.758  INFO 17196 --- [restartedMain] o.s.b.w.e.u.UndertowServletWebServer     : Undertow started on port(s) 8000 (http) with context path ''
2022-03-05 20:48:38.761  INFO 17196 --- [restartedMain] com.mindskip.xzs.XzsApplication          : Started XzsApplication in 3.656 seconds (JVM running for 5.272)
2022-03-05 20:52:18.162  INFO 14896 --- [restartedMain] com.mindskip.xzs.XzsApplication          : Starting XzsApplication on DESKTOP-SKB4ABI with PID 14896 (started by 黄涛 in C:\Users\黄涛\Desktop\2022黄涛毕业设计\xzs-mysql\source\xzs)
2022-03-05 20:52:18.164  INFO 14896 --- [restartedMain] com.mindskip.xzs.XzsApplication          : The following profiles are active: dev
2022-03-05 20:52:18.234  INFO 14896 --- [restartedMain] .e.DevToolsPropertyDefaultsPostProcessor : Devtools property defaults active! Set 'spring.devtools.add-properties' to 'false' to disable
2022-03-05 20:52:18.234  INFO 14896 --- [restartedMain] .e.DevToolsPropertyDefaultsPostProcessor : For additional web related logging consider setting the 'logging.level.web' property to 'DEBUG'
2022-03-05 20:52:19.416  WARN 14896 --- [restartedMain] io.undertow.websockets.jsr               : UT026010: Buffer pool was not set on WebSocketDeploymentInfo, the default pool will be used
2022-03-05 20:52:19.439  INFO 14896 --- [restartedMain] io.undertow.servlet                      : Initializing Spring embedded WebApplicationContext
2022-03-05 20:52:19.439  INFO 14896 --- [restartedMain] o.s.web.context.ContextLoader            : Root WebApplicationContext: initialization completed in 1204 ms
2022-03-05 20:52:20.200  INFO 14896 --- [restartedMain] o.s.s.web.DefaultSecurityFilterChain     : Creating filter chain: any request, [org.springframework.security.web.context.request.async.WebAsyncManagerIntegrationFilter@3aa7471b, org.springframework.security.web.context.SecurityContextPersistenceFilter@1d46c67a, org.springframework.security.web.header.HeaderWriterFilter@61cf1c0e, org.springframework.web.filter.CorsFilter@3fe3e910, org.springframework.security.web.authentication.logout.LogoutFilter@5a9dce40, com.mindskip.xzs.configuration.spring.security.RestLoginAuthenticationFilter@13f33a4e, org.springframework.security.web.authentication.UsernamePasswordAuthenticationFilter@59b22070, org.springframework.security.web.savedrequest.RequestCacheAwareFilter@3049ef3, org.springframework.security.web.servletapi.SecurityContextHolderAwareRequestFilter@28079323, org.springframework.security.web.authentication.rememberme.RememberMeAuthenticationFilter@1fe442df, org.springframework.security.web.authentication.AnonymousAuthenticationFilter@7debec9e, org.springframework.security.web.session.SessionManagementFilter@12b4d61e, org.springframework.security.web.access.ExceptionTranslationFilter@5e14795, org.springframework.security.web.access.intercept.FilterSecurityInterceptor@25863e27]
2022-03-05 20:52:20.562  INFO 14896 --- [restartedMain] o.s.b.d.a.OptionalLiveReloadServer       : LiveReload server is running on port 35729
2022-03-05 20:52:20.600  INFO 14896 --- [restartedMain] org.xnio                                 : XNIO version 3.3.8.Final
2022-03-05 20:52:20.607  INFO 14896 --- [restartedMain] org.xnio.nio                             : XNIO NIO Implementation Version 3.3.8.Final
2022-03-05 20:52:20.671  INFO 14896 --- [restartedMain] o.s.b.w.e.u.UndertowServletWebServer     : Undertow started on port(s) 8000 (http) with context path ''
2022-03-05 20:52:20.673  INFO 14896 --- [restartedMain] com.mindskip.xzs.XzsApplication          : Started XzsApplication in 2.873 seconds (JVM running for 3.857)
2022-03-05 20:53:22.197  INFO 14896 --- [XNIO-1 task-1] io.undertow.servlet                      : Initializing Spring DispatcherServlet 'dispatcherServlet'
2022-03-05 20:53:22.197  INFO 14896 --- [XNIO-1 task-1] o.s.web.servlet.DispatcherServlet        : Initializing Servlet 'dispatcherServlet'
2022-03-05 20:53:22.205  INFO 14896 --- [XNIO-1 task-1] o.s.web.servlet.DispatcherServlet        : Completed initialization in 8 ms
2022-03-05 20:53:32.202  INFO 14896 --- [XNIO-1 task-48] com.zaxxer.hikari.HikariDataSource       : HikariPool-1 - Starting...
2022-03-05 20:53:32.698  INFO 14896 --- [XNIO-1 task-48] com.zaxxer.hikari.HikariDataSource       : HikariPool-1 - Start completed.
2022-03-05 20:53:32.709 DEBUG 14896 --- [XNIO-1 task-48] r.c.m.x.r.UserMapper.getUserByUserName   : ==>  Preparing: select id, user_uuid, user_name, password, real_name, age, sex, birth_day, user_level, phone, role, status, image_path, create_time, modify_time, last_active_time, deleted, wx_open_id from t_user where deleted=0 and user_name=? limit 1 
2022-03-05 20:53:32.726 DEBUG 14896 --- [XNIO-1 task-48] r.c.m.x.r.UserMapper.getUserByUserName   : ==> Parameters: admin(String)
2022-03-05 20:53:32.742 DEBUG 14896 --- [XNIO-1 task-48] r.c.m.x.r.UserMapper.getUserByUserName   : <==      Total: 1
2022-03-05 20:53:39.568 DEBUG 14896 --- [XNIO-1 task-49] r.c.m.x.r.U.insertSelective              : ==>  Preparing: insert into t_user_event_log ( user_id, user_name, real_name, content, create_time ) values ( ?, ?, ?, ?, ? ) 
2022-03-05 20:53:39.571 DEBUG 14896 --- [XNIO-1 task-49] r.c.m.x.r.U.insertSelective              : ==> Parameters: 2(Integer), admin(String), 管理员(String), admin 登录了OnlineTest考试系统(String), 2022-03-05 20:53:39.555(Timestamp)
2022-03-05 20:53:39.720 DEBUG 14896 --- [XNIO-1 task-49] r.c.m.x.r.U.insertSelective              : <==    Updates: 1
2022-03-05 20:53:53.784 DEBUG 14896 --- [XNIO-1 task-54] r.c.m.x.r.UserMapper.getUserByUserName   : ==>  Preparing: select id, user_uuid, user_name, password, real_name, age, sex, birth_day, user_level, phone, role, status, image_path, create_time, modify_time, last_active_time, deleted, wx_open_id from t_user where deleted=0 and user_name=? limit 1 
2022-03-05 20:53:53.784 DEBUG 14896 --- [XNIO-1 task-54] r.c.m.x.r.UserMapper.getUserByUserName   : ==> Parameters: student(String)
2022-03-05 20:53:53.786 DEBUG 14896 --- [XNIO-1 task-54] r.c.m.x.r.UserMapper.getUserByUserName   : <==      Total: 1
2022-03-05 20:53:53.789 DEBUG 14896 --- [XNIO-1 task-54] r.c.m.x.r.U.insertSelective              : ==>  Preparing: insert into t_user_event_log ( user_id, user_name, real_name, content, create_time ) values ( ?, ?, ?, ?, ? ) 
2022-03-05 20:53:53.789 DEBUG 14896 --- [XNIO-1 task-54] r.c.m.x.r.U.insertSelective              : ==> Parameters: 1(Integer), student(String), 学生(String), student 登录了OnlineTest考试系统(String), 2022-03-05 20:53:53.788(Timestamp)
2022-03-05 20:53:53.948 DEBUG 14896 --- [XNIO-1 task-54] r.c.m.x.r.U.insertSelective              : <==    Updates: 1
2022-03-05 20:53:53.988 DEBUG 14896 --- [XNIO-1 task-55] r.c.m.x.r.MessageUserMapper.unReadCount  : ==>  Preparing: select count(*) from t_message_user where readed='f' and receive_user_id = ? 
2022-03-05 20:53:53.991 DEBUG 14896 --- [XNIO-1 task-55] r.c.m.x.r.MessageUserMapper.unReadCount  : ==> Parameters: 1(Integer)
2022-03-05 20:53:53.991 DEBUG 14896 --- [XNIO-1 task-58] r.c.m.x.r.T.getByGradeLevel              : ==>  Preparing: select id, title, grade_level, frame_text_content_id, create_user, create_time, deleted, create_user_name from t_task_exam where deleted=0 and grade_level = ? 
2022-03-05 20:53:53.991 DEBUG 14896 --- [XNIO-1 task-58] r.c.m.x.r.T.getByGradeLevel              : ==> Parameters: 1(Integer)
2022-03-05 20:53:53.995 DEBUG 14896 --- [XNIO-1 task-57] r.c.m.x.r.ExamPaperMapper.indexPaper     : ==>  Preparing: SELECT id,name,limit_start_time,limit_end_time FROM t_exam_paper WHERE deleted=0 and paper_type= ? and grade_level=? ORDER BY id desc limit 5 
2022-03-05 20:53:53.995 DEBUG 14896 --- [XNIO-1 task-58] r.c.m.x.r.T.getByGradeLevel              : <==      Total: 0
2022-03-05 20:53:53.996 DEBUG 14896 --- [XNIO-1 task-55] r.c.m.x.r.MessageUserMapper.unReadCount  : <==      Total: 1
2022-03-05 20:53:53.996 DEBUG 14896 --- [XNIO-1 task-57] r.c.m.x.r.ExamPaperMapper.indexPaper     : ==> Parameters: 1(Integer), 1(Integer)
2022-03-05 20:53:54.003 DEBUG 14896 --- [XNIO-1 task-57] r.c.m.x.r.ExamPaperMapper.indexPaper     : <==      Total: 0
2022-03-05 20:53:54.005 DEBUG 14896 --- [XNIO-1 task-57] r.c.m.x.r.ExamPaperMapper.indexPaper     : ==>  Preparing: SELECT id,name,limit_start_time,limit_end_time FROM t_exam_paper WHERE deleted=0 and paper_type= ? and grade_level=? and ? between limit_start_time and limit_end_time ORDER BY id desc limit 5 
2022-03-05 20:53:54.006 DEBUG 14896 --- [XNIO-1 task-57] r.c.m.x.r.ExamPaperMapper.indexPaper     : ==> Parameters: 4(Integer), 1(Integer), 2022-03-05 20:53:54.004(Timestamp)
2022-03-05 20:53:54.007 DEBUG 14896 --- [XNIO-1 task-57] r.c.m.x.r.ExamPaperMapper.indexPaper     : <==      Total: 0
2022-03-05 20:54:05.326 DEBUG 14896 --- [XNIO-1 task-59] r.c.m.x.r.S.getSubjectByLevel            : ==>  Preparing: select id, name, level, level_name, item_order, deleted from t_subject where level= ? order by item_order 
2022-03-05 20:54:05.327 DEBUG 14896 --- [XNIO-1 task-59] r.c.m.x.r.S.getSubjectByLevel            : ==> Parameters: 1(Integer)
2022-03-05 20:54:05.329 DEBUG 14896 --- [XNIO-1 task-59] r.c.m.x.r.S.getSubjectByLevel            : <==      Total: 0
2022-03-05 20:54:07.723 DEBUG 14896 --- [XNIO-1 task-60] r.c.m.x.r.E.studentPage_COUNT            : ==>  Preparing: SELECT count(0) FROM t_exam_paper_answer WHERE create_user = ? 
2022-03-05 20:54:07.723 DEBUG 14896 --- [XNIO-1 task-60] r.c.m.x.r.E.studentPage_COUNT            : ==> Parameters: 1(Integer)
2022-03-05 20:54:07.726 DEBUG 14896 --- [XNIO-1 task-60] r.c.m.x.r.E.studentPage_COUNT            : <==      Total: 1
2022-03-05 20:54:09.910 DEBUG 14896 --- [XNIO-1 task-61] r.c.m.x.r.S.getSubjectByLevel            : ==>  Preparing: select id, name, level, level_name, item_order, deleted from t_subject where level= ? order by item_order 
2022-03-05 20:54:09.911 DEBUG 14896 --- [XNIO-1 task-61] r.c.m.x.r.S.getSubjectByLevel            : ==> Parameters: 1(Integer)
2022-03-05 20:54:09.912 DEBUG 14896 --- [XNIO-1 task-61] r.c.m.x.r.S.getSubjectByLevel            : <==      Total: 0
2022-03-05 20:54:10.375 DEBUG 14896 --- [XNIO-1 task-62] r.c.m.x.r.ExamPaperMapper.indexPaper     : ==>  Preparing: SELECT id,name,limit_start_time,limit_end_time FROM t_exam_paper WHERE deleted=0 and paper_type= ? and grade_level=? ORDER BY id desc limit 5 
2022-03-05 20:54:10.375 DEBUG 14896 --- [XNIO-1 task-62] r.c.m.x.r.ExamPaperMapper.indexPaper     : ==> Parameters: 1(Integer), 1(Integer)
2022-03-05 20:54:10.376 DEBUG 14896 --- [XNIO-1 task-62] r.c.m.x.r.ExamPaperMapper.indexPaper     : <==      Total: 0
2022-03-05 20:54:10.376 DEBUG 14896 --- [XNIO-1 task-63] r.c.m.x.r.T.getByGradeLevel              : ==>  Preparing: select id, title, grade_level, frame_text_content_id, create_user, create_time, deleted, create_user_name from t_task_exam where deleted=0 and grade_level = ? 
2022-03-05 20:54:10.377 DEBUG 14896 --- [XNIO-1 task-63] r.c.m.x.r.T.getByGradeLevel              : ==> Parameters: 1(Integer)
2022-03-05 20:54:10.377 DEBUG 14896 --- [XNIO-1 task-62] r.c.m.x.r.ExamPaperMapper.indexPaper     : ==>  Preparing: SELECT id,name,limit_start_time,limit_end_time FROM t_exam_paper WHERE deleted=0 and paper_type= ? and grade_level=? and ? between limit_start_time and limit_end_time ORDER BY id desc limit 5 
2022-03-05 20:54:10.378 DEBUG 14896 --- [XNIO-1 task-63] r.c.m.x.r.T.getByGradeLevel              : <==      Total: 0
2022-03-05 20:54:10.378 DEBUG 14896 --- [XNIO-1 task-62] r.c.m.x.r.ExamPaperMapper.indexPaper     : ==> Parameters: 4(Integer), 1(Integer), 2022-03-05 20:54:10.377(Timestamp)
2022-03-05 20:54:10.380 DEBUG 14896 --- [XNIO-1 task-62] r.c.m.x.r.ExamPaperMapper.indexPaper     : <==      Total: 0
2022-03-05 20:54:10.708 DEBUG 14896 --- [XNIO-1 task-64] r.c.m.x.r.S.getSubjectByLevel            : ==>  Preparing: select id, name, level, level_name, item_order, deleted from t_subject where level= ? order by item_order 
2022-03-05 20:54:10.708 DEBUG 14896 --- [XNIO-1 task-64] r.c.m.x.r.S.getSubjectByLevel            : ==> Parameters: 1(Integer)
2022-03-05 20:54:10.709 DEBUG 14896 --- [XNIO-1 task-64] r.c.m.x.r.S.getSubjectByLevel            : <==      Total: 0
2022-03-05 20:54:11.145 DEBUG 14896 --- [XNIO-1 task-65] r.c.m.x.r.E.studentPage_COUNT            : ==>  Preparing: SELECT count(0) FROM t_exam_paper_answer WHERE create_user = ? 
2022-03-05 20:54:11.146 DEBUG 14896 --- [XNIO-1 task-65] r.c.m.x.r.E.studentPage_COUNT            : ==> Parameters: 1(Integer)
2022-03-05 20:54:11.147 DEBUG 14896 --- [XNIO-1 task-65] r.c.m.x.r.E.studentPage_COUNT            : <==      Total: 1
2022-03-05 20:54:11.487 DEBUG 14896 --- [XNIO-1 task-66] r.c.m.x.r.E.studentPage_COUNT            : ==>  Preparing: SELECT count(0) FROM t_exam_paper_question_customer_answer WHERE do_right = FALSE AND create_user = ? 
2022-03-05 20:54:11.488 DEBUG 14896 --- [XNIO-1 task-66] r.c.m.x.r.E.studentPage_COUNT            : ==> Parameters: 1(Integer)
2022-03-05 20:54:11.490 DEBUG 14896 --- [XNIO-1 task-66] r.c.m.x.r.E.studentPage_COUNT            : <==      Total: 1
2022-03-05 20:57:00.304 DEBUG 14896 --- [XNIO-1 task-67] r.c.m.x.r.MessageUserMapper.unReadCount  : ==>  Preparing: select count(*) from t_message_user where readed='f' and receive_user_id = ? 
2022-03-05 20:57:00.305 DEBUG 14896 --- [XNIO-1 task-67] r.c.m.x.r.MessageUserMapper.unReadCount  : ==> Parameters: 1(Integer)
2022-03-05 20:57:00.306 DEBUG 14896 --- [XNIO-1 task-69] r.c.m.x.r.ExamPaperMapper.indexPaper     : ==>  Preparing: SELECT id,name,limit_start_time,limit_end_time FROM t_exam_paper WHERE deleted=0 and paper_type= ? and grade_level=? ORDER BY id desc limit 5 
2022-03-05 20:57:00.306 DEBUG 14896 --- [XNIO-1 task-69] r.c.m.x.r.ExamPaperMapper.indexPaper     : ==> Parameters: 1(Integer), 1(Integer)
2022-03-05 20:57:00.307 DEBUG 14896 --- [XNIO-1 task-67] r.c.m.x.r.MessageUserMapper.unReadCount  : <==      Total: 1
2022-03-05 20:57:00.307 DEBUG 14896 --- [XNIO-1 task-69] r.c.m.x.r.ExamPaperMapper.indexPaper     : <==      Total: 0
2022-03-05 20:57:00.309 DEBUG 14896 --- [XNIO-1 task-69] r.c.m.x.r.ExamPaperMapper.indexPaper     : ==>  Preparing: SELECT id,name,limit_start_time,limit_end_time FROM t_exam_paper WHERE deleted=0 and paper_type= ? and grade_level=? and ? between limit_start_time and limit_end_time ORDER BY id desc limit 5 
2022-03-05 20:57:00.309 DEBUG 14896 --- [XNIO-1 task-69] r.c.m.x.r.ExamPaperMapper.indexPaper     : ==> Parameters: 4(Integer), 1(Integer), 2022-03-05 20:57:00.308(Timestamp)
2022-03-05 20:57:00.310 DEBUG 14896 --- [XNIO-1 task-69] r.c.m.x.r.ExamPaperMapper.indexPaper     : <==      Total: 0
2022-03-05 20:57:00.603 DEBUG 14896 --- [XNIO-1 task-70] r.c.m.x.r.T.getByGradeLevel              : ==>  Preparing: select id, title, grade_level, frame_text_content_id, create_user, create_time, deleted, create_user_name from t_task_exam where deleted=0 and grade_level = ? 
2022-03-05 20:57:00.604 DEBUG 14896 --- [XNIO-1 task-70] r.c.m.x.r.T.getByGradeLevel              : ==> Parameters: 1(Integer)
2022-03-05 20:57:00.605 DEBUG 14896 --- [XNIO-1 task-70] r.c.m.x.r.T.getByGradeLevel              : <==      Total: 0
2022-03-05 20:57:06.888 DEBUG 14896 --- [XNIO-1 task-71] r.c.m.x.r.S.getSubjectByLevel            : ==>  Preparing: select id, name, level, level_name, item_order, deleted from t_subject where level= ? order by item_order 
2022-03-05 20:57:06.889 DEBUG 14896 --- [XNIO-1 task-71] r.c.m.x.r.S.getSubjectByLevel            : ==> Parameters: 1(Integer)
2022-03-05 20:57:06.890 DEBUG 14896 --- [XNIO-1 task-71] r.c.m.x.r.S.getSubjectByLevel            : <==      Total: 0
2022-03-05 20:57:08.291 DEBUG 14896 --- [XNIO-1 task-72] r.c.m.x.r.E.studentPage_COUNT            : ==>  Preparing: SELECT count(0) FROM t_exam_paper_answer WHERE create_user = ? 
2022-03-05 20:57:08.291 DEBUG 14896 --- [XNIO-1 task-72] r.c.m.x.r.E.studentPage_COUNT            : ==> Parameters: 1(Integer)
2022-03-05 20:57:08.292 DEBUG 14896 --- [XNIO-1 task-72] r.c.m.x.r.E.studentPage_COUNT            : <==      Total: 1
2022-03-05 20:57:23.034 DEBUG 14896 --- [XNIO-1 task-73] r.c.m.x.r.S.getSubjectByLevel            : ==>  Preparing: select id, name, level, level_name, item_order, deleted from t_subject where level= ? order by item_order 
2022-03-05 20:57:23.035 DEBUG 14896 --- [XNIO-1 task-73] r.c.m.x.r.S.getSubjectByLevel            : ==> Parameters: 1(Integer)
2022-03-05 20:57:23.035 DEBUG 14896 --- [XNIO-1 task-73] r.c.m.x.r.S.getSubjectByLevel            : <==      Total: 0
2022-03-05 20:57:23.706 DEBUG 14896 --- [XNIO-1 task-74] r.c.m.x.r.ExamPaperMapper.indexPaper     : ==>  Preparing: SELECT id,name,limit_start_time,limit_end_time FROM t_exam_paper WHERE deleted=0 and paper_type= ? and grade_level=? ORDER BY id desc limit 5 
2022-03-05 20:57:23.706 DEBUG 14896 --- [XNIO-1 task-74] r.c.m.x.r.ExamPaperMapper.indexPaper     : ==> Parameters: 1(Integer), 1(Integer)
2022-03-05 20:57:23.707 DEBUG 14896 --- [XNIO-1 task-74] r.c.m.x.r.ExamPaperMapper.indexPaper     : <==      Total: 0
2022-03-05 20:57:23.707 DEBUG 14896 --- [XNIO-1 task-74] r.c.m.x.r.ExamPaperMapper.indexPaper     : ==>  Preparing: SELECT id,name,limit_start_time,limit_end_time FROM t_exam_paper WHERE deleted=0 and paper_type= ? and grade_level=? and ? between limit_start_time and limit_end_time ORDER BY id desc limit 5 
2022-03-05 20:57:23.708 DEBUG 14896 --- [XNIO-1 task-74] r.c.m.x.r.ExamPaperMapper.indexPaper     : ==> Parameters: 4(Integer), 1(Integer), 2022-03-05 20:57:23.707(Timestamp)
2022-03-05 20:57:23.708 DEBUG 14896 --- [XNIO-1 task-74] r.c.m.x.r.ExamPaperMapper.indexPaper     : <==      Total: 0
2022-03-05 20:57:23.722 DEBUG 14896 --- [XNIO-1 task-75] r.c.m.x.r.T.getByGradeLevel              : ==>  Preparing: select id, title, grade_level, frame_text_content_id, create_user, create_time, deleted, create_user_name from t_task_exam where deleted=0 and grade_level = ? 
2022-03-05 20:57:23.722 DEBUG 14896 --- [XNIO-1 task-75] r.c.m.x.r.T.getByGradeLevel              : ==> Parameters: 1(Integer)
2022-03-05 20:57:23.723 DEBUG 14896 --- [XNIO-1 task-75] r.c.m.x.r.T.getByGradeLevel              : <==      Total: 0
2022-03-05 20:57:23.731 DEBUG 14896 --- [XNIO-1 task-76] r.c.m.x.r.S.getSubjectByLevel            : ==>  Preparing: select id, name, level, level_name, item_order, deleted from t_subject where level= ? order by item_order 
2022-03-05 20:57:23.732 DEBUG 14896 --- [XNIO-1 task-76] r.c.m.x.r.S.getSubjectByLevel            : ==> Parameters: 1(Integer)
2022-03-05 20:57:23.733 DEBUG 14896 --- [XNIO-1 task-76] r.c.m.x.r.S.getSubjectByLevel            : <==      Total: 0
2022-03-05 20:57:23.993 DEBUG 14896 --- [XNIO-1 task-77] r.c.m.x.r.E.studentPage_COUNT            : ==>  Preparing: SELECT count(0) FROM t_exam_paper_answer WHERE create_user = ? 
2022-03-05 20:57:23.993 DEBUG 14896 --- [XNIO-1 task-77] r.c.m.x.r.E.studentPage_COUNT            : ==> Parameters: 1(Integer)
2022-03-05 20:57:23.995 DEBUG 14896 --- [XNIO-1 task-77] r.c.m.x.r.E.studentPage_COUNT            : <==      Total: 1
2022-03-05 20:57:24.829 DEBUG 14896 --- [XNIO-1 task-78] r.c.m.x.r.E.studentPage_COUNT            : ==>  Preparing: SELECT count(0) FROM t_exam_paper_question_customer_answer WHERE do_right = FALSE AND create_user = ? 
2022-03-05 20:57:24.830 DEBUG 14896 --- [XNIO-1 task-78] r.c.m.x.r.E.studentPage_COUNT            : ==> Parameters: 1(Integer)
2022-03-05 20:57:24.830 DEBUG 14896 --- [XNIO-1 task-78] r.c.m.x.r.E.studentPage_COUNT            : <==      Total: 1
2022-03-05 20:57:25.465 DEBUG 14896 --- [XNIO-1 task-79] r.c.m.x.r.E.studentPage_COUNT            : ==>  Preparing: SELECT count(0) FROM t_exam_paper_answer WHERE create_user = ? 
2022-03-05 20:57:25.465 DEBUG 14896 --- [XNIO-1 task-79] r.c.m.x.r.E.studentPage_COUNT            : ==> Parameters: 1(Integer)
2022-03-05 20:57:25.466 DEBUG 14896 --- [XNIO-1 task-79] r.c.m.x.r.E.studentPage_COUNT            : <==      Total: 1
2022-03-05 20:57:26.110 DEBUG 14896 --- [XNIO-1 task-80] r.c.m.x.r.E.studentPage_COUNT            : ==>  Preparing: SELECT count(0) FROM t_exam_paper_question_customer_answer WHERE do_right = FALSE AND create_user = ? 
2022-03-05 20:57:26.110 DEBUG 14896 --- [XNIO-1 task-80] r.c.m.x.r.E.studentPage_COUNT            : ==> Parameters: 1(Integer)
2022-03-05 20:57:26.111 DEBUG 14896 --- [XNIO-1 task-80] r.c.m.x.r.E.studentPage_COUNT            : <==      Total: 1
2022-03-05 20:57:27.901 DEBUG 14896 --- [XNIO-1 task-81] r.c.m.x.r.ExamPaperMapper.indexPaper     : ==>  Preparing: SELECT id,name,limit_start_time,limit_end_time FROM t_exam_paper WHERE deleted=0 and paper_type= ? and grade_level=? ORDER BY id desc limit 5 
2022-03-05 20:57:27.901 DEBUG 14896 --- [XNIO-1 task-81] r.c.m.x.r.ExamPaperMapper.indexPaper     : ==> Parameters: 1(Integer), 1(Integer)
2022-03-05 20:57:27.902 DEBUG 14896 --- [XNIO-1 task-81] r.c.m.x.r.ExamPaperMapper.indexPaper     : <==      Total: 0
2022-03-05 20:57:27.903 DEBUG 14896 --- [XNIO-1 task-81] r.c.m.x.r.ExamPaperMapper.indexPaper     : ==>  Preparing: SELECT id,name,limit_start_time,limit_end_time FROM t_exam_paper WHERE deleted=0 and paper_type= ? and grade_level=? and ? between limit_start_time and limit_end_time ORDER BY id desc limit 5 
2022-03-05 20:57:27.903 DEBUG 14896 --- [XNIO-1 task-81] r.c.m.x.r.ExamPaperMapper.indexPaper     : ==> Parameters: 4(Integer), 1(Integer), 2022-03-05 20:57:27.902(Timestamp)
2022-03-05 20:57:27.904 DEBUG 14896 --- [XNIO-1 task-81] r.c.m.x.r.ExamPaperMapper.indexPaper     : <==      Total: 0
2022-03-05 20:57:28.213 DEBUG 14896 --- [XNIO-1 task-82] r.c.m.x.r.T.getByGradeLevel              : ==>  Preparing: select id, title, grade_level, frame_text_content_id, create_user, create_time, deleted, create_user_name from t_task_exam where deleted=0 and grade_level = ? 
2022-03-05 20:57:28.213 DEBUG 14896 --- [XNIO-1 task-82] r.c.m.x.r.T.getByGradeLevel              : ==> Parameters: 1(Integer)
2022-03-05 20:57:28.214 DEBUG 14896 --- [XNIO-1 task-82] r.c.m.x.r.T.getByGradeLevel              : <==      Total: 0
2022-03-05 20:59:27.998 DEBUG 14896 --- [XNIO-1 task-84] r.c.m.x.r.U.insertSelective              : ==>  Preparing: insert into t_user_event_log ( user_id, user_name, real_name, content, create_time ) values ( ?, ?, ?, ?, ? ) 
2022-03-05 20:59:27.999 DEBUG 14896 --- [XNIO-1 task-84] r.c.m.x.r.U.insertSelective              : ==> Parameters: 2(Integer), admin(String), 管理员(String), admin 登录了OnlineTest考试系统(String), 2022-03-05 20:59:27.998(Timestamp)
2022-03-05 20:59:28.416 DEBUG 14896 --- [XNIO-1 task-84] r.c.m.x.r.U.insertSelective              : <==    Updates: 1
2022-03-05 20:59:28.486 DEBUG 14896 --- [XNIO-1 task-85] r.c.m.x.r.E.selectAllCount               : ==>  Preparing: SELECT count(*) from t_exam_paper where deleted=0 
2022-03-05 20:59:28.486 DEBUG 14896 --- [XNIO-1 task-85] r.c.m.x.r.E.selectAllCount               : ==> Parameters: 
2022-03-05 20:59:28.487 DEBUG 14896 --- [XNIO-1 task-85] r.c.m.x.r.E.selectAllCount               : <==      Total: 1
2022-03-05 20:59:28.488 DEBUG 14896 --- [XNIO-1 task-85] r.c.m.x.r.QuestionMapper.selectAllCount  : ==>  Preparing: SELECT count(*) from t_question where deleted=0 
2022-03-05 20:59:28.488 DEBUG 14896 --- [XNIO-1 task-85] r.c.m.x.r.QuestionMapper.selectAllCount  : ==> Parameters: 
2022-03-05 20:59:28.491 DEBUG 14896 --- [XNIO-1 task-85] r.c.m.x.r.QuestionMapper.selectAllCount  : <==      Total: 1
2022-03-05 20:59:28.492 DEBUG 14896 --- [XNIO-1 task-85] r.c.m.x.r.E.selectAllCount               : ==>  Preparing: SELECT count(*) from t_exam_paper_answer 
2022-03-05 20:59:28.492 DEBUG 14896 --- [XNIO-1 task-85] r.c.m.x.r.E.selectAllCount               : ==> Parameters: 
2022-03-05 20:59:28.493 DEBUG 14896 --- [XNIO-1 task-85] r.c.m.x.r.E.selectAllCount               : <==      Total: 1
2022-03-05 20:59:28.494 DEBUG 14896 --- [XNIO-1 task-85] r.c.m.x.r.E.selectAllCount               : ==>  Preparing: SELECT count(*) from t_exam_paper_question_customer_answer 
2022-03-05 20:59:28.494 DEBUG 14896 --- [XNIO-1 task-85] r.c.m.x.r.E.selectAllCount               : ==> Parameters: 
2022-03-05 20:59:28.495 DEBUG 14896 --- [XNIO-1 task-85] r.c.m.x.r.E.selectAllCount               : <==      Total: 1
2022-03-05 20:59:28.534 DEBUG 14896 --- [XNIO-1 task-85] r.c.m.x.r.U.selectCountByDate            : ==>  Preparing: SELECT create_time as name,COUNT(create_time) as value from ( SELECT DATE_FORMAT(create_time,'%Y-%m-%d') as create_time from t_user_event_log WHERE create_time between ? and ? ) a GROUP BY create_time 
2022-03-05 20:59:28.534 DEBUG 14896 --- [XNIO-1 task-85] r.c.m.x.r.U.selectCountByDate            : ==> Parameters: 2022-03-01 00:00:00.0(Timestamp), 2022-03-31 23:59:59.0(Timestamp)
2022-03-05 20:59:28.539 DEBUG 14896 --- [XNIO-1 task-85] r.c.m.x.r.U.selectCountByDate            : <==      Total: 1
2022-03-05 20:59:28.542 DEBUG 14896 --- [XNIO-1 task-85] r.c.m.x.r.E.selectCountByDate            : ==>  Preparing: SELECT create_time as name,COUNT(create_time) as value from ( SELECT DATE_FORMAT(create_time,'%Y-%m-%d') as create_time from t_exam_paper_question_customer_answer WHERE create_time between ? and ? ) a GROUP BY create_time 
2022-03-05 20:59:28.543 DEBUG 14896 --- [XNIO-1 task-85] r.c.m.x.r.E.selectCountByDate            : ==> Parameters: 2022-03-01 00:00:00.0(Timestamp), 2022-03-31 23:59:59.0(Timestamp)
2022-03-05 20:59:28.546 DEBUG 14896 --- [XNIO-1 task-85] r.c.m.x.r.E.selectCountByDate            : <==      Total: 0
2022-03-05 20:59:32.464 DEBUG 14896 --- [XNIO-1 task-86] r.c.m.x.r.SubjectMapper.allSubject       : ==>  Preparing: select id, name, level, level_name, item_order, deleted from t_subject 
2022-03-05 20:59:32.464 DEBUG 14896 --- [XNIO-1 task-86] r.c.m.x.r.SubjectMapper.allSubject       : ==> Parameters: 
2022-03-05 20:59:32.466 DEBUG 14896 --- [XNIO-1 task-86] r.c.m.x.r.SubjectMapper.allSubject       : <==      Total: 0
2022-03-05 20:59:32.468 DEBUG 14896 --- [XNIO-1 task-87] r.c.m.x.r.QuestionMapper.page_COUNT      : ==>  Preparing: SELECT count(0) FROM t_question WHERE deleted = 0 
2022-03-05 20:59:32.468 DEBUG 14896 --- [XNIO-1 task-87] r.c.m.x.r.QuestionMapper.page_COUNT      : ==> Parameters: 
2022-03-05 20:59:32.469 DEBUG 14896 --- [XNIO-1 task-87] r.c.m.x.r.QuestionMapper.page_COUNT      : <==      Total: 1
2022-03-05 20:59:33.675 DEBUG 14896 --- [XNIO-1 task-88] r.c.m.x.r.SubjectMapper.allSubject       : ==>  Preparing: select id, name, level, level_name, item_order, deleted from t_subject 
2022-03-05 20:59:33.676 DEBUG 14896 --- [XNIO-1 task-88] r.c.m.x.r.SubjectMapper.allSubject       : ==> Parameters: 
2022-03-05 20:59:33.676 DEBUG 14896 --- [XNIO-1 task-88] r.c.m.x.r.SubjectMapper.allSubject       : <==      Total: 0
2022-03-05 20:59:33.987 DEBUG 14896 --- [XNIO-1 task-89] r.c.m.x.r.ExamPaperMapper.page_COUNT     : ==>  Preparing: SELECT count(0) FROM t_exam_paper WHERE deleted = 0 
2022-03-05 20:59:33.987 DEBUG 14896 --- [XNIO-1 task-89] r.c.m.x.r.ExamPaperMapper.page_COUNT     : ==> Parameters: 
2022-03-05 20:59:33.988 DEBUG 14896 --- [XNIO-1 task-89] r.c.m.x.r.ExamPaperMapper.page_COUNT     : <==      Total: 1
2022-03-05 20:59:35.864 DEBUG 14896 --- [XNIO-1 task-90] r.c.m.x.r.UserMapper.userPage_COUNT      : ==>  Preparing: SELECT count(0) FROM t_user WHERE deleted = 0 AND role = ? 
2022-03-05 20:59:35.864 DEBUG 14896 --- [XNIO-1 task-90] r.c.m.x.r.UserMapper.userPage_COUNT      : ==> Parameters: 1(Integer)
2022-03-05 20:59:35.865 DEBUG 14896 --- [XNIO-1 task-90] r.c.m.x.r.UserMapper.userPage_COUNT      : <==      Total: 1
2022-03-05 20:59:35.867 DEBUG 14896 --- [XNIO-1 task-90] r.c.m.x.repository.UserMapper.userPage   : ==>  Preparing: SELECT id, user_uuid, user_name, password, real_name, age, sex, birth_day, user_level, phone, role, status, image_path, create_time, modify_time, last_active_time, deleted, wx_open_id FROM t_user WHERE deleted = 0 AND role = ? order by id desc LIMIT ? 
2022-03-05 20:59:35.867 DEBUG 14896 --- [XNIO-1 task-90] r.c.m.x.repository.UserMapper.userPage   : ==> Parameters: 1(Integer), 10(Integer)
2022-03-05 20:59:35.869 DEBUG 14896 --- [XNIO-1 task-90] r.c.m.x.repository.UserMapper.userPage   : <==      Total: 1
2022-03-05 20:59:50.778 DEBUG 14896 --- [XNIO-1 task-91] r.c.m.x.r.UserEventLogMapper.page_COUNT  : ==>  Preparing: SELECT count(0) FROM t_user_event_log 
2022-03-05 20:59:50.778 DEBUG 14896 --- [XNIO-1 task-91] r.c.m.x.r.UserEventLogMapper.page_COUNT  : ==> Parameters: 
2022-03-05 20:59:50.778 DEBUG 14896 --- [XNIO-1 task-91] r.c.m.x.r.UserEventLogMapper.page_COUNT  : <==      Total: 1
2022-03-05 20:59:50.779 DEBUG 14896 --- [XNIO-1 task-91] r.c.m.x.r.UserEventLogMapper.page        : ==>  Preparing: SELECT id, user_id, user_name, real_name, content, create_time FROM t_user_event_log order by id desc LIMIT ? 
2022-03-05 20:59:50.779 DEBUG 14896 --- [XNIO-1 task-91] r.c.m.x.r.UserEventLogMapper.page        : ==> Parameters: 10(Integer)
2022-03-05 20:59:50.781 DEBUG 14896 --- [XNIO-1 task-91] r.c.m.x.r.UserEventLogMapper.page        : <==      Total: 3
2022-03-05 20:59:59.238 DEBUG 14896 --- [XNIO-1 task-92] r.c.m.x.r.MessageMapper.page_COUNT       : ==>  Preparing: SELECT count(0) FROM t_message 
2022-03-05 20:59:59.238 DEBUG 14896 --- [XNIO-1 task-92] r.c.m.x.r.MessageMapper.page_COUNT       : ==> Parameters: 
2022-03-05 20:59:59.240 DEBUG 14896 --- [XNIO-1 task-92] r.c.m.x.r.MessageMapper.page_COUNT       : <==      Total: 1
2022-03-05 21:00:00.914 DEBUG 14896 --- [XNIO-1 task-93] r.c.m.x.r.UserMapper.userPage_COUNT      : ==>  Preparing: SELECT count(0) FROM t_user WHERE deleted = 0 AND role = ? 
2022-03-05 21:00:00.914 DEBUG 14896 --- [XNIO-1 task-93] r.c.m.x.r.UserMapper.userPage_COUNT      : ==> Parameters: 3(Integer)
2022-03-05 21:00:00.915 DEBUG 14896 --- [XNIO-1 task-93] r.c.m.x.r.UserMapper.userPage_COUNT      : <==      Total: 1
2022-03-05 21:00:00.916 DEBUG 14896 --- [XNIO-1 task-93] r.c.m.x.repository.UserMapper.userPage   : ==>  Preparing: SELECT id, user_uuid, user_name, password, real_name, age, sex, birth_day, user_level, phone, role, status, image_path, create_time, modify_time, last_active_time, deleted, wx_open_id FROM t_user WHERE deleted = 0 AND role = ? order by id desc LIMIT ? 
2022-03-05 21:00:00.916 DEBUG 14896 --- [XNIO-1 task-93] r.c.m.x.repository.UserMapper.userPage   : ==> Parameters: 3(Integer), 10(Integer)
2022-03-05 21:00:00.917 DEBUG 14896 --- [XNIO-1 task-93] r.c.m.x.repository.UserMapper.userPage   : <==      Total: 1
2022-03-05 21:00:02.266 DEBUG 14896 --- [XNIO-1 task-94] r.c.m.x.r.UserMapper.userPage_COUNT      : ==>  Preparing: SELECT count(0) FROM t_user WHERE deleted = 0 AND role = ? 
2022-03-05 21:00:02.266 DEBUG 14896 --- [XNIO-1 task-94] r.c.m.x.r.UserMapper.userPage_COUNT      : ==> Parameters: 1(Integer)
2022-03-05 21:00:02.267 DEBUG 14896 --- [XNIO-1 task-94] r.c.m.x.r.UserMapper.userPage_COUNT      : <==      Total: 1
2022-03-05 21:00:02.267 DEBUG 14896 --- [XNIO-1 task-94] r.c.m.x.repository.UserMapper.userPage   : ==>  Preparing: SELECT id, user_uuid, user_name, password, real_name, age, sex, birth_day, user_level, phone, role, status, image_path, create_time, modify_time, last_active_time, deleted, wx_open_id FROM t_user WHERE deleted = 0 AND role = ? order by id desc LIMIT ? 
2022-03-05 21:00:02.268 DEBUG 14896 --- [XNIO-1 task-94] r.c.m.x.repository.UserMapper.userPage   : ==> Parameters: 1(Integer), 10(Integer)
2022-03-05 21:00:02.269 DEBUG 14896 --- [XNIO-1 task-94] r.c.m.x.repository.UserMapper.userPage   : <==      Total: 1
2022-03-05 21:01:14.574 DEBUG 14896 --- [XNIO-1 task-154] r.c.m.x.r.SubjectMapper.allSubject       : ==>  Preparing: select id, name, level, level_name, item_order, deleted from t_subject 
2022-03-05 21:01:14.574 DEBUG 14896 --- [XNIO-1 task-154] r.c.m.x.r.SubjectMapper.allSubject       : ==> Parameters: 
2022-03-05 21:01:14.575 DEBUG 14896 --- [XNIO-1 task-154] r.c.m.x.r.SubjectMapper.allSubject       : <==      Total: 0
2022-03-05 21:01:14.576 DEBUG 14896 --- [XNIO-1 task-155] r.c.m.x.r.ExamPaperMapper.page_COUNT     : ==>  Preparing: SELECT count(0) FROM t_exam_paper WHERE deleted = 0 
2022-03-05 21:01:14.576 DEBUG 14896 --- [XNIO-1 task-155] r.c.m.x.r.ExamPaperMapper.page_COUNT     : ==> Parameters: 
2022-03-05 21:01:14.577 DEBUG 14896 --- [XNIO-1 task-155] r.c.m.x.r.ExamPaperMapper.page_COUNT     : <==      Total: 1
2022-03-05 21:10:46.585 DEBUG 14896 --- [XNIO-1 task-157] r.c.m.x.r.SubjectMapper.allSubject       : ==>  Preparing: select id, name, level, level_name, item_order, deleted from t_subject 
2022-03-05 21:10:46.585 DEBUG 14896 --- [XNIO-1 task-157] r.c.m.x.r.SubjectMapper.allSubject       : ==> Parameters: 
2022-03-05 21:10:46.586 DEBUG 14896 --- [XNIO-1 task-156] r.c.m.x.r.QuestionMapper.page_COUNT      : ==>  Preparing: SELECT count(0) FROM t_question WHERE deleted = 0 
2022-03-05 21:10:46.586 DEBUG 14896 --- [XNIO-1 task-157] r.c.m.x.r.SubjectMapper.allSubject       : <==      Total: 0
2022-03-05 21:10:46.586 DEBUG 14896 --- [XNIO-1 task-156] r.c.m.x.r.QuestionMapper.page_COUNT      : ==> Parameters: 
2022-03-05 21:10:46.587 DEBUG 14896 --- [XNIO-1 task-156] r.c.m.x.r.QuestionMapper.page_COUNT      : <==      Total: 1
2022-03-05 21:10:47.381 DEBUG 14896 --- [XNIO-1 task-158] r.c.m.x.r.SubjectMapper.allSubject       : ==>  Preparing: select id, name, level, level_name, item_order, deleted from t_subject 
2022-03-05 21:10:47.381 DEBUG 14896 --- [XNIO-1 task-158] r.c.m.x.r.SubjectMapper.allSubject       : ==> Parameters: 
2022-03-05 21:10:47.382 DEBUG 14896 --- [XNIO-1 task-158] r.c.m.x.r.SubjectMapper.allSubject       : <==      Total: 0
2022-03-05 21:10:49.113 DEBUG 14896 --- [XNIO-1 task-159] r.c.m.x.r.SubjectMapper.page_COUNT       : ==>  Preparing: SELECT count(0) FROM t_subject WHERE deleted = 0 
2022-03-05 21:10:49.114 DEBUG 14896 --- [XNIO-1 task-159] r.c.m.x.r.SubjectMapper.page_COUNT       : ==> Parameters: 
2022-03-05 21:10:49.115 DEBUG 14896 --- [XNIO-1 task-159] r.c.m.x.r.SubjectMapper.page_COUNT       : <==      Total: 1
2022-03-05 21:10:51.165 DEBUG 14896 --- [XNIO-1 task-160] r.c.m.x.r.MessageMapper.page_COUNT       : ==>  Preparing: SELECT count(0) FROM t_message 
2022-03-05 21:10:51.165 DEBUG 14896 --- [XNIO-1 task-160] r.c.m.x.r.MessageMapper.page_COUNT       : ==> Parameters: 
2022-03-05 21:10:51.166 DEBUG 14896 --- [XNIO-1 task-160] r.c.m.x.r.MessageMapper.page_COUNT       : <==      Total: 1
2022-03-05 21:10:53.488 DEBUG 14896 --- [XNIO-1 task-161] r.c.m.x.r.UserEventLogMapper.page_COUNT  : ==>  Preparing: SELECT count(0) FROM t_user_event_log 
2022-03-05 21:10:53.488 DEBUG 14896 --- [XNIO-1 task-161] r.c.m.x.r.UserEventLogMapper.page_COUNT  : ==> Parameters: 
2022-03-05 21:10:53.488 DEBUG 14896 --- [XNIO-1 task-161] r.c.m.x.r.UserEventLogMapper.page_COUNT  : <==      Total: 1
2022-03-05 21:10:53.489 DEBUG 14896 --- [XNIO-1 task-161] r.c.m.x.r.UserEventLogMapper.page        : ==>  Preparing: SELECT id, user_id, user_name, real_name, content, create_time FROM t_user_event_log order by id desc LIMIT ? 
2022-03-05 21:10:53.489 DEBUG 14896 --- [XNIO-1 task-161] r.c.m.x.r.UserEventLogMapper.page        : ==> Parameters: 10(Integer)
2022-03-05 21:10:53.490 DEBUG 14896 --- [XNIO-1 task-161] r.c.m.x.r.UserEventLogMapper.page        : <==      Total: 3
2022-03-05 21:10:54.699 DEBUG 14896 --- [XNIO-1 task-162] r.c.m.x.r.MessageMapper.page_COUNT       : ==>  Preparing: SELECT count(0) FROM t_message 
2022-03-05 21:10:54.699 DEBUG 14896 --- [XNIO-1 task-162] r.c.m.x.r.MessageMapper.page_COUNT       : ==> Parameters: 
2022-03-05 21:10:54.700 DEBUG 14896 --- [XNIO-1 task-162] r.c.m.x.r.MessageMapper.page_COUNT       : <==      Total: 1
2022-03-05 21:10:56.622 DEBUG 14896 --- [XNIO-1 task-163] r.c.m.x.r.SubjectMapper.allSubject       : ==>  Preparing: select id, name, level, level_name, item_order, deleted from t_subject 
2022-03-05 21:10:56.622 DEBUG 14896 --- [XNIO-1 task-163] r.c.m.x.r.SubjectMapper.allSubject       : ==> Parameters: 
2022-03-05 21:10:56.623 DEBUG 14896 --- [XNIO-1 task-163] r.c.m.x.r.SubjectMapper.allSubject       : <==      Total: 0
2022-03-05 21:10:56.937 DEBUG 14896 --- [XNIO-1 task-164] r.c.m.x.r.E.adminPage_COUNT              : ==>  Preparing: SELECT count(0) FROM t_exam_paper_answer 
2022-03-05 21:10:56.937 DEBUG 14896 --- [XNIO-1 task-164] r.c.m.x.r.E.adminPage_COUNT              : ==> Parameters: 
2022-03-05 21:10:56.938 DEBUG 14896 --- [XNIO-1 task-164] r.c.m.x.r.E.adminPage_COUNT              : <==      Total: 1
2022-03-05 21:10:58.611 DEBUG 14896 --- [XNIO-1 task-165] r.c.m.x.r.SubjectMapper.allSubject       : ==>  Preparing: select id, name, level, level_name, item_order, deleted from t_subject 
2022-03-05 21:10:58.612 DEBUG 14896 --- [XNIO-1 task-165] r.c.m.x.r.SubjectMapper.allSubject       : ==> Parameters: 
2022-03-05 21:10:58.612 DEBUG 14896 --- [XNIO-1 task-165] r.c.m.x.r.SubjectMapper.allSubject       : <==      Total: 0
2022-03-05 21:11:04.000 DEBUG 14896 --- [XNIO-1 task-166] r.c.m.x.r.E.taskExamPage_COUNT           : ==>  Preparing: SELECT count(0) FROM t_exam_paper WHERE deleted = 0 AND task_exam_id IS NULL AND grade_level = ? AND paper_type = ? 
2022-03-05 21:11:04.000 DEBUG 14896 --- [XNIO-1 task-166] r.c.m.x.r.E.taskExamPage_COUNT           : ==> Parameters: null, 6(Integer)
2022-03-05 21:11:04.001 DEBUG 14896 --- [XNIO-1 task-166] r.c.m.x.r.E.taskExamPage_COUNT           : <==      Total: 1
2022-03-05 21:11:08.350 DEBUG 14896 --- [XNIO-1 task-167] r.c.m.x.r.SubjectMapper.page_COUNT       : ==>  Preparing: SELECT count(0) FROM t_subject WHERE deleted = 0 
2022-03-05 21:11:08.350 DEBUG 14896 --- [XNIO-1 task-167] r.c.m.x.r.SubjectMapper.page_COUNT       : ==> Parameters: 
2022-03-05 21:11:08.350 DEBUG 14896 --- [XNIO-1 task-167] r.c.m.x.r.SubjectMapper.page_COUNT       : <==      Total: 1
2022-03-05 21:11:09.123 DEBUG 14896 --- [XNIO-1 task-168] r.c.m.x.r.TaskExamMapper.page_COUNT      : ==>  Preparing: SELECT count(0) FROM t_task_exam WHERE deleted = 0 
2022-03-05 21:11:09.123 DEBUG 14896 --- [XNIO-1 task-168] r.c.m.x.r.TaskExamMapper.page_COUNT      : ==> Parameters: 
2022-03-05 21:11:09.124 DEBUG 14896 --- [XNIO-1 task-168] r.c.m.x.r.TaskExamMapper.page_COUNT      : <==      Total: 1
2022-03-05 21:11:10.620 DEBUG 14896 --- [XNIO-1 task-169] r.c.m.x.r.MessageMapper.page_COUNT       : ==>  Preparing: SELECT count(0) FROM t_message 
2022-03-05 21:11:10.621 DEBUG 14896 --- [XNIO-1 task-169] r.c.m.x.r.MessageMapper.page_COUNT       : ==> Parameters: 
2022-03-05 21:11:10.621 DEBUG 14896 --- [XNIO-1 task-169] r.c.m.x.r.MessageMapper.page_COUNT       : <==      Total: 1
2022-03-05 21:11:11.528 DEBUG 14896 --- [XNIO-1 task-170] r.c.m.x.r.UserEventLogMapper.page_COUNT  : ==>  Preparing: SELECT count(0) FROM t_user_event_log 
2022-03-05 21:11:11.529 DEBUG 14896 --- [XNIO-1 task-170] r.c.m.x.r.UserEventLogMapper.page_COUNT  : ==> Parameters: 
2022-03-05 21:11:11.529 DEBUG 14896 --- [XNIO-1 task-170] r.c.m.x.r.UserEventLogMapper.page_COUNT  : <==      Total: 1
2022-03-05 21:11:11.529 DEBUG 14896 --- [XNIO-1 task-170] r.c.m.x.r.UserEventLogMapper.page        : ==>  Preparing: SELECT id, user_id, user_name, real_name, content, create_time FROM t_user_event_log order by id desc LIMIT ? 
2022-03-05 21:11:11.530 DEBUG 14896 --- [XNIO-1 task-170] r.c.m.x.r.UserEventLogMapper.page        : ==> Parameters: 10(Integer)
2022-03-05 21:11:11.530 DEBUG 14896 --- [XNIO-1 task-170] r.c.m.x.r.UserEventLogMapper.page        : <==      Total: 3
2022-03-05 21:11:11.898 DEBUG 14896 --- [XNIO-1 task-171] r.c.m.x.r.UserMapper.userPage_COUNT      : ==>  Preparing: SELECT count(0) FROM t_user WHERE deleted = 0 AND role = ? 
2022-03-05 21:11:11.898 DEBUG 14896 --- [XNIO-1 task-171] r.c.m.x.r.UserMapper.userPage_COUNT      : ==> Parameters: 1(Integer)
2022-03-05 21:11:11.899 DEBUG 14896 --- [XNIO-1 task-171] r.c.m.x.r.UserMapper.userPage_COUNT      : <==      Total: 1
2022-03-05 21:11:11.903 DEBUG 14896 --- [XNIO-1 task-171] r.c.m.x.repository.UserMapper.userPage   : ==>  Preparing: SELECT id, user_uuid, user_name, password, real_name, age, sex, birth_day, user_level, phone, role, status, image_path, create_time, modify_time, last_active_time, deleted, wx_open_id FROM t_user WHERE deleted = 0 AND role = ? order by id desc LIMIT ? 
2022-03-05 21:11:11.903 DEBUG 14896 --- [XNIO-1 task-171] r.c.m.x.repository.UserMapper.userPage   : ==> Parameters: 1(Integer), 10(Integer)
2022-03-05 21:11:11.904 DEBUG 14896 --- [XNIO-1 task-171] r.c.m.x.repository.UserMapper.userPage   : <==      Total: 1
2022-03-05 21:11:13.172 DEBUG 14896 --- [XNIO-1 task-172] r.c.m.x.r.SubjectMapper.allSubject       : ==>  Preparing: select id, name, level, level_name, item_order, deleted from t_subject 
2022-03-05 21:11:13.173 DEBUG 14896 --- [XNIO-1 task-172] r.c.m.x.r.SubjectMapper.allSubject       : ==> Parameters: 
2022-03-05 21:11:13.173 DEBUG 14896 --- [XNIO-1 task-172] r.c.m.x.r.SubjectMapper.allSubject       : <==      Total: 0
2022-03-05 21:11:13.484 DEBUG 14896 --- [XNIO-1 task-173] r.c.m.x.r.QuestionMapper.page_COUNT      : ==>  Preparing: SELECT count(0) FROM t_question WHERE deleted = 0 
2022-03-05 21:11:13.484 DEBUG 14896 --- [XNIO-1 task-173] r.c.m.x.r.QuestionMapper.page_COUNT      : ==> Parameters: 
2022-03-05 21:11:13.485 DEBUG 14896 --- [XNIO-1 task-173] r.c.m.x.r.QuestionMapper.page_COUNT      : <==      Total: 1
2022-03-05 21:11:14.368 DEBUG 14896 --- [XNIO-1 task-174] r.c.m.x.r.UserMapper.userPage_COUNT      : ==>  Preparing: SELECT count(0) FROM t_user WHERE deleted = 0 AND role = ? 
2022-03-05 21:11:14.369 DEBUG 14896 --- [XNIO-1 task-174] r.c.m.x.r.UserMapper.userPage_COUNT      : ==> Parameters: 1(Integer)
2022-03-05 21:11:14.369 DEBUG 14896 --- [XNIO-1 task-174] r.c.m.x.r.UserMapper.userPage_COUNT      : <==      Total: 1
2022-03-05 21:11:14.370 DEBUG 14896 --- [XNIO-1 task-174] r.c.m.x.repository.UserMapper.userPage   : ==>  Preparing: SELECT id, user_uuid, user_name, password, real_name, age, sex, birth_day, user_level, phone, role, status, image_path, create_time, modify_time, last_active_time, deleted, wx_open_id FROM t_user WHERE deleted = 0 AND role = ? order by id desc LIMIT ? 
2022-03-05 21:11:14.370 DEBUG 14896 --- [XNIO-1 task-174] r.c.m.x.repository.UserMapper.userPage   : ==> Parameters: 1(Integer), 10(Integer)
2022-03-05 21:11:14.371 DEBUG 14896 --- [XNIO-1 task-174] r.c.m.x.repository.UserMapper.userPage   : <==      Total: 1
2022-03-05 21:11:14.685 DEBUG 14896 --- [XNIO-1 task-175] r.c.m.x.r.UserEventLogMapper.page_COUNT  : ==>  Preparing: SELECT count(0) FROM t_user_event_log 
2022-03-05 21:11:14.685 DEBUG 14896 --- [XNIO-1 task-175] r.c.m.x.r.UserEventLogMapper.page_COUNT  : ==> Parameters: 
2022-03-05 21:11:14.686 DEBUG 14896 --- [XNIO-1 task-175] r.c.m.x.r.UserEventLogMapper.page_COUNT  : <==      Total: 1
2022-03-05 21:11:14.687 DEBUG 14896 --- [XNIO-1 task-175] r.c.m.x.r.UserEventLogMapper.page        : ==>  Preparing: SELECT id, user_id, user_name, real_name, content, create_time FROM t_user_event_log order by id desc LIMIT ? 
2022-03-05 21:11:14.687 DEBUG 14896 --- [XNIO-1 task-175] r.c.m.x.r.UserEventLogMapper.page        : ==> Parameters: 10(Integer)
2022-03-05 21:11:14.688 DEBUG 14896 --- [XNIO-1 task-175] r.c.m.x.r.UserEventLogMapper.page        : <==      Total: 3
2022-03-05 21:11:16.238 DEBUG 14896 --- [XNIO-1 task-176] r.c.m.x.r.UserMapper.userPage_COUNT      : ==>  Preparing: SELECT count(0) FROM t_user WHERE deleted = 0 AND role = ? 
2022-03-05 21:11:16.238 DEBUG 14896 --- [XNIO-1 task-176] r.c.m.x.r.UserMapper.userPage_COUNT      : ==> Parameters: 3(Integer)
2022-03-05 21:11:16.238 DEBUG 14896 --- [XNIO-1 task-176] r.c.m.x.r.UserMapper.userPage_COUNT      : <==      Total: 1
2022-03-05 21:11:16.239 DEBUG 14896 --- [XNIO-1 task-176] r.c.m.x.repository.UserMapper.userPage   : ==>  Preparing: SELECT id, user_uuid, user_name, password, real_name, age, sex, birth_day, user_level, phone, role, status, image_path, create_time, modify_time, last_active_time, deleted, wx_open_id FROM t_user WHERE deleted = 0 AND role = ? order by id desc LIMIT ? 
2022-03-05 21:11:16.239 DEBUG 14896 --- [XNIO-1 task-176] r.c.m.x.repository.UserMapper.userPage   : ==> Parameters: 3(Integer), 10(Integer)
2022-03-05 21:11:16.240 DEBUG 14896 --- [XNIO-1 task-176] r.c.m.x.repository.UserMapper.userPage   : <==      Total: 1
2022-03-05 21:11:16.928 DEBUG 14896 --- [XNIO-1 task-177] r.c.m.x.r.SubjectMapper.page_COUNT       : ==>  Preparing: SELECT count(0) FROM t_subject WHERE deleted = 0 
2022-03-05 21:11:16.929 DEBUG 14896 --- [XNIO-1 task-177] r.c.m.x.r.SubjectMapper.page_COUNT       : ==> Parameters: 
2022-03-05 21:11:16.930 DEBUG 14896 --- [XNIO-1 task-177] r.c.m.x.r.SubjectMapper.page_COUNT       : <==      Total: 1
2022-03-05 21:11:18.265 DEBUG 14896 --- [XNIO-1 task-178] r.c.m.x.r.SubjectMapper.allSubject       : ==>  Preparing: select id, name, level, level_name, item_order, deleted from t_subject 
2022-03-05 21:11:18.265 DEBUG 14896 --- [XNIO-1 task-178] r.c.m.x.r.SubjectMapper.allSubject       : ==> Parameters: 
2022-03-05 21:11:18.266 DEBUG 14896 --- [XNIO-1 task-178] r.c.m.x.r.SubjectMapper.allSubject       : <==      Total: 0
2022-03-05 21:11:18.266 DEBUG 14896 --- [XNIO-1 task-179] r.c.m.x.r.E.adminPage_COUNT              : ==>  Preparing: SELECT count(0) FROM t_exam_paper_answer 
2022-03-05 21:11:18.266 DEBUG 14896 --- [XNIO-1 task-179] r.c.m.x.r.E.adminPage_COUNT              : ==> Parameters: 
2022-03-05 21:11:18.266 DEBUG 14896 --- [XNIO-1 task-179] r.c.m.x.r.E.adminPage_COUNT              : <==      Total: 1
2022-03-05 21:11:21.024 DEBUG 14896 --- [XNIO-1 task-180] r.c.m.x.r.U.insertSelective              : ==>  Preparing: insert into t_user_event_log ( user_id, user_name, real_name, content, create_time ) values ( ?, ?, ?, ?, ? ) 
2022-03-05 21:11:21.025 DEBUG 14896 --- [XNIO-1 task-180] r.c.m.x.r.U.insertSelective              : ==> Parameters: 2(Integer), admin(String), 管理员(String), admin 登出了OnlineTest考试系统(String), 2022-03-05 21:11:21.024(Timestamp)
2022-03-05 21:11:21.446 DEBUG 14896 --- [XNIO-1 task-180] r.c.m.x.r.U.insertSelective              : <==    Updates: 1
2022-03-05 21:11:34.058 DEBUG 14896 --- [XNIO-1 task-181] r.c.m.x.r.U.insertSelective              : ==>  Preparing: insert into t_user_event_log ( user_id, user_name, real_name, content, create_time ) values ( ?, ?, ?, ?, ? ) 
2022-03-05 21:11:34.059 DEBUG 14896 --- [XNIO-1 task-181] r.c.m.x.r.U.insertSelective              : ==> Parameters: 2(Integer), admin(String), 管理员(String), admin 登录了OnlineTest考试系统(String), 2022-03-05 21:11:34.056(Timestamp)
2022-03-05 21:11:34.223 DEBUG 14896 --- [XNIO-1 task-181] r.c.m.x.r.U.insertSelective              : <==    Updates: 1
2022-03-05 21:11:34.326 DEBUG 14896 --- [XNIO-1 task-182] r.c.m.x.r.E.selectAllCount               : ==>  Preparing: SELECT count(*) from t_exam_paper where deleted=0 
2022-03-05 21:11:34.326 DEBUG 14896 --- [XNIO-1 task-182] r.c.m.x.r.E.selectAllCount               : ==> Parameters: 
2022-03-05 21:11:34.327 DEBUG 14896 --- [XNIO-1 task-182] r.c.m.x.r.E.selectAllCount               : <==      Total: 1
2022-03-05 21:11:34.327 DEBUG 14896 --- [XNIO-1 task-182] r.c.m.x.r.QuestionMapper.selectAllCount  : ==>  Preparing: SELECT count(*) from t_question where deleted=0 
2022-03-05 21:11:34.327 DEBUG 14896 --- [XNIO-1 task-182] r.c.m.x.r.QuestionMapper.selectAllCount  : ==> Parameters: 
2022-03-05 21:11:34.330 DEBUG 14896 --- [XNIO-1 task-182] r.c.m.x.r.QuestionMapper.selectAllCount  : <==      Total: 1
2022-03-05 21:11:34.331 DEBUG 14896 --- [XNIO-1 task-182] r.c.m.x.r.E.selectAllCount               : ==>  Preparing: SELECT count(*) from t_exam_paper_answer 
2022-03-05 21:11:34.331 DEBUG 14896 --- [XNIO-1 task-182] r.c.m.x.r.E.selectAllCount               : ==> Parameters: 
2022-03-05 21:11:34.332 DEBUG 14896 --- [XNIO-1 task-182] r.c.m.x.r.E.selectAllCount               : <==      Total: 1
2022-03-05 21:11:34.333 DEBUG 14896 --- [XNIO-1 task-182] r.c.m.x.r.E.selectAllCount               : ==>  Preparing: SELECT count(*) from t_exam_paper_question_customer_answer 
2022-03-05 21:11:34.333 DEBUG 14896 --- [XNIO-1 task-182] r.c.m.x.r.E.selectAllCount               : ==> Parameters: 
2022-03-05 21:11:34.334 DEBUG 14896 --- [XNIO-1 task-182] r.c.m.x.r.E.selectAllCount               : <==      Total: 1
2022-03-05 21:11:34.335 DEBUG 14896 --- [XNIO-1 task-182] r.c.m.x.r.U.selectCountByDate            : ==>  Preparing: SELECT create_time as name,COUNT(create_time) as value from ( SELECT DATE_FORMAT(create_time,'%Y-%m-%d') as create_time from t_user_event_log WHERE create_time between ? and ? ) a GROUP BY create_time 
2022-03-05 21:11:34.338 DEBUG 14896 --- [XNIO-1 task-182] r.c.m.x.r.U.selectCountByDate            : ==> Parameters: 2022-03-01 00:00:00.0(Timestamp), 2022-03-31 23:59:59.0(Timestamp)
2022-03-05 21:11:34.339 DEBUG 14896 --- [XNIO-1 task-182] r.c.m.x.r.U.selectCountByDate            : <==      Total: 1
2022-03-05 21:11:34.340 DEBUG 14896 --- [XNIO-1 task-182] r.c.m.x.r.E.selectCountByDate            : ==>  Preparing: SELECT create_time as name,COUNT(create_time) as value from ( SELECT DATE_FORMAT(create_time,'%Y-%m-%d') as create_time from t_exam_paper_question_customer_answer WHERE create_time between ? and ? ) a GROUP BY create_time 
2022-03-05 21:11:34.341 DEBUG 14896 --- [XNIO-1 task-182] r.c.m.x.r.E.selectCountByDate            : ==> Parameters: 2022-03-01 00:00:00.0(Timestamp), 2022-03-31 23:59:59.0(Timestamp)
2022-03-05 21:11:34.344 DEBUG 14896 --- [XNIO-1 task-182] r.c.m.x.r.E.selectCountByDate            : <==      Total: 0
2022-03-05 21:34:37.877 DEBUG 14896 --- [XNIO-1 task-183] r.c.m.x.r.SubjectMapper.page_COUNT       : ==>  Preparing: SELECT count(0) FROM t_subject WHERE deleted = 0 
2022-03-05 21:34:37.877 DEBUG 14896 --- [XNIO-1 task-183] r.c.m.x.r.SubjectMapper.page_COUNT       : ==> Parameters: 
2022-03-05 21:34:37.878 DEBUG 14896 --- [XNIO-1 task-183] r.c.m.x.r.SubjectMapper.page_COUNT       : <==      Total: 1
2022-03-05 21:34:38.628 DEBUG 14896 --- [XNIO-1 task-184] r.c.m.x.r.SubjectMapper.allSubject       : ==>  Preparing: select id, name, level, level_name, item_order, deleted from t_subject 
2022-03-05 21:34:38.628 DEBUG 14896 --- [XNIO-1 task-184] r.c.m.x.r.SubjectMapper.allSubject       : ==> Parameters: 
2022-03-05 21:34:38.629 DEBUG 14896 --- [XNIO-1 task-184] r.c.m.x.r.SubjectMapper.allSubject       : <==      Total: 0
2022-03-05 21:34:40.619 DEBUG 14896 --- [XNIO-1 task-185] r.c.m.x.r.SubjectMapper.page_COUNT       : ==>  Preparing: SELECT count(0) FROM t_subject WHERE deleted = 0 
2022-03-05 21:34:40.620 DEBUG 14896 --- [XNIO-1 task-185] r.c.m.x.r.SubjectMapper.page_COUNT       : ==> Parameters: 
2022-03-05 21:34:40.620 DEBUG 14896 --- [XNIO-1 task-185] r.c.m.x.r.SubjectMapper.page_COUNT       : <==      Total: 1
2022-03-05 21:34:41.752 DEBUG 14896 --- [XNIO-1 task-186] r.c.m.x.r.SubjectMapper.allSubject       : ==>  Preparing: select id, name, level, level_name, item_order, deleted from t_subject 
2022-03-05 21:34:41.753 DEBUG 14896 --- [XNIO-1 task-186] r.c.m.x.r.SubjectMapper.allSubject       : ==> Parameters: 
2022-03-05 21:34:41.753 DEBUG 14896 --- [XNIO-1 task-186] r.c.m.x.r.SubjectMapper.allSubject       : <==      Total: 0
2022-03-05 21:34:42.062 DEBUG 14896 --- [XNIO-1 task-187] r.c.m.x.r.E.adminPage_COUNT              : ==>  Preparing: SELECT count(0) FROM t_exam_paper_answer 
2022-03-05 21:34:42.062 DEBUG 14896 --- [XNIO-1 task-187] r.c.m.x.r.E.adminPage_COUNT              : ==> Parameters: 
2022-03-05 21:34:42.063 DEBUG 14896 --- [XNIO-1 task-187] r.c.m.x.r.E.adminPage_COUNT              : <==      Total: 1
2022-03-05 21:34:43.196 DEBUG 14896 --- [XNIO-1 task-188] r.c.m.x.r.UserMapper.userPage_COUNT      : ==>  Preparing: SELECT count(0) FROM t_user WHERE deleted = 0 AND role = ? 
2022-03-05 21:34:43.197 DEBUG 14896 --- [XNIO-1 task-188] r.c.m.x.r.UserMapper.userPage_COUNT      : ==> Parameters: 3(Integer)
2022-03-05 21:34:43.197 DEBUG 14896 --- [XNIO-1 task-188] r.c.m.x.r.UserMapper.userPage_COUNT      : <==      Total: 1
2022-03-05 21:34:43.198 DEBUG 14896 --- [XNIO-1 task-188] r.c.m.x.repository.UserMapper.userPage   : ==>  Preparing: SELECT id, user_uuid, user_name, password, real_name, age, sex, birth_day, user_level, phone, role, status, image_path, create_time, modify_time, last_active_time, deleted, wx_open_id FROM t_user WHERE deleted = 0 AND role = ? order by id desc LIMIT ? 
2022-03-05 21:34:43.198 DEBUG 14896 --- [XNIO-1 task-188] r.c.m.x.repository.UserMapper.userPage   : ==> Parameters: 3(Integer), 10(Integer)
2022-03-05 21:34:43.199 DEBUG 14896 --- [XNIO-1 task-188] r.c.m.x.repository.UserMapper.userPage   : <==      Total: 1
2022-03-05 21:34:43.768 DEBUG 14896 --- [XNIO-1 task-189] r.c.m.x.r.UserMapper.userPage_COUNT      : ==>  Preparing: SELECT count(0) FROM t_user WHERE deleted = 0 AND role = ? 
2022-03-05 21:34:43.768 DEBUG 14896 --- [XNIO-1 task-189] r.c.m.x.r.UserMapper.userPage_COUNT      : ==> Parameters: 1(Integer)
2022-03-05 21:34:43.769 DEBUG 14896 --- [XNIO-1 task-189] r.c.m.x.r.UserMapper.userPage_COUNT      : <==      Total: 1
2022-03-05 21:34:43.769 DEBUG 14896 --- [XNIO-1 task-189] r.c.m.x.repository.UserMapper.userPage   : ==>  Preparing: SELECT id, user_uuid, user_name, password, real_name, age, sex, birth_day, user_level, phone, role, status, image_path, create_time, modify_time, last_active_time, deleted, wx_open_id FROM t_user WHERE deleted = 0 AND role = ? order by id desc LIMIT ? 
2022-03-05 21:34:43.770 DEBUG 14896 --- [XNIO-1 task-189] r.c.m.x.repository.UserMapper.userPage   : ==> Parameters: 1(Integer), 10(Integer)
2022-03-05 21:34:43.772 DEBUG 14896 --- [XNIO-1 task-189] r.c.m.x.repository.UserMapper.userPage   : <==      Total: 1
2022-03-05 21:34:44.893 DEBUG 14896 --- [XNIO-1 task-190] r.c.m.x.r.UserEventLogMapper.page_COUNT  : ==>  Preparing: SELECT count(0) FROM t_user_event_log 
2022-03-05 21:34:44.893 DEBUG 14896 --- [XNIO-1 task-190] r.c.m.x.r.UserEventLogMapper.page_COUNT  : ==> Parameters: 
2022-03-05 21:34:44.894 DEBUG 14896 --- [XNIO-1 task-190] r.c.m.x.r.UserEventLogMapper.page_COUNT  : <==      Total: 1
2022-03-05 21:34:44.894 DEBUG 14896 --- [XNIO-1 task-190] r.c.m.x.r.UserEventLogMapper.page        : ==>  Preparing: SELECT id, user_id, user_name, real_name, content, create_time FROM t_user_event_log order by id desc LIMIT ? 
2022-03-05 21:34:44.895 DEBUG 14896 --- [XNIO-1 task-190] r.c.m.x.r.UserEventLogMapper.page        : ==> Parameters: 10(Integer)
2022-03-05 21:34:44.897 DEBUG 14896 --- [XNIO-1 task-190] r.c.m.x.r.UserEventLogMapper.page        : <==      Total: 5
2022-03-05 21:34:45.453 DEBUG 14896 --- [XNIO-1 task-191] r.c.m.x.r.UserMapper.userPage_COUNT      : ==>  Preparing: SELECT count(0) FROM t_user WHERE deleted = 0 AND role = ? 
2022-03-05 21:34:45.454 DEBUG 14896 --- [XNIO-1 task-191] r.c.m.x.r.UserMapper.userPage_COUNT      : ==> Parameters: 3(Integer)
2022-03-05 21:34:45.454 DEBUG 14896 --- [XNIO-1 task-191] r.c.m.x.r.UserMapper.userPage_COUNT      : <==      Total: 1
2022-03-05 21:34:45.455 DEBUG 14896 --- [XNIO-1 task-191] r.c.m.x.repository.UserMapper.userPage   : ==>  Preparing: SELECT id, user_uuid, user_name, password, real_name, age, sex, birth_day, user_level, phone, role, status, image_path, create_time, modify_time, last_active_time, deleted, wx_open_id FROM t_user WHERE deleted = 0 AND role = ? order by id desc LIMIT ? 
2022-03-05 21:34:45.455 DEBUG 14896 --- [XNIO-1 task-191] r.c.m.x.repository.UserMapper.userPage   : ==> Parameters: 3(Integer), 10(Integer)
2022-03-05 21:34:45.456 DEBUG 14896 --- [XNIO-1 task-191] r.c.m.x.repository.UserMapper.userPage   : <==      Total: 1
2022-03-05 21:34:48.250 DEBUG 14896 --- [XNIO-1 task-192] r.c.m.x.r.UserEventLogMapper.page_COUNT  : ==>  Preparing: SELECT count(0) FROM t_user_event_log 
2022-03-05 21:34:48.251 DEBUG 14896 --- [XNIO-1 task-192] r.c.m.x.r.UserEventLogMapper.page_COUNT  : ==> Parameters: 
2022-03-05 21:34:48.251 DEBUG 14896 --- [XNIO-1 task-192] r.c.m.x.r.UserEventLogMapper.page_COUNT  : <==      Total: 1
2022-03-05 21:34:48.252 DEBUG 14896 --- [XNIO-1 task-192] r.c.m.x.r.UserEventLogMapper.page        : ==>  Preparing: SELECT id, user_id, user_name, real_name, content, create_time FROM t_user_event_log order by id desc LIMIT ? 
2022-03-05 21:34:48.252 DEBUG 14896 --- [XNIO-1 task-192] r.c.m.x.r.UserEventLogMapper.page        : ==> Parameters: 10(Integer)
2022-03-05 21:34:48.253 DEBUG 14896 --- [XNIO-1 task-192] r.c.m.x.r.UserEventLogMapper.page        : <==      Total: 5
2022-03-05 21:34:52.785 DEBUG 14896 --- [XNIO-1 task-193] r.c.m.x.r.UserMapper.userPage_COUNT      : ==>  Preparing: SELECT count(0) FROM t_user WHERE deleted = 0 AND role = ? 
2022-03-05 21:34:52.785 DEBUG 14896 --- [XNIO-1 task-193] r.c.m.x.r.UserMapper.userPage_COUNT      : ==> Parameters: 1(Integer)
2022-03-05 21:34:52.786 DEBUG 14896 --- [XNIO-1 task-193] r.c.m.x.r.UserMapper.userPage_COUNT      : <==      Total: 1
2022-03-05 21:34:52.787 DEBUG 14896 --- [XNIO-1 task-193] r.c.m.x.repository.UserMapper.userPage   : ==>  Preparing: SELECT id, user_uuid, user_name, password, real_name, age, sex, birth_day, user_level, phone, role, status, image_path, create_time, modify_time, last_active_time, deleted, wx_open_id FROM t_user WHERE deleted = 0 AND role = ? order by id desc LIMIT ? 
2022-03-05 21:34:52.787 DEBUG 14896 --- [XNIO-1 task-193] r.c.m.x.repository.UserMapper.userPage   : ==> Parameters: 1(Integer), 10(Integer)
2022-03-05 21:34:52.788 DEBUG 14896 --- [XNIO-1 task-193] r.c.m.x.repository.UserMapper.userPage   : <==      Total: 1
2022-03-05 21:34:53.537 DEBUG 14896 --- [XNIO-1 task-194] r.c.m.x.r.UserEventLogMapper.page_COUNT  : ==>  Preparing: SELECT count(0) FROM t_user_event_log 
2022-03-05 21:34:53.537 DEBUG 14896 --- [XNIO-1 task-194] r.c.m.x.r.UserEventLogMapper.page_COUNT  : ==> Parameters: 
2022-03-05 21:34:53.537 DEBUG 14896 --- [XNIO-1 task-194] r.c.m.x.r.UserEventLogMapper.page_COUNT  : <==      Total: 1
2022-03-05 21:34:53.538 DEBUG 14896 --- [XNIO-1 task-194] r.c.m.x.r.UserEventLogMapper.page        : ==>  Preparing: SELECT id, user_id, user_name, real_name, content, create_time FROM t_user_event_log order by id desc LIMIT ? 
2022-03-05 21:34:53.538 DEBUG 14896 --- [XNIO-1 task-194] r.c.m.x.r.UserEventLogMapper.page        : ==> Parameters: 10(Integer)
2022-03-05 21:34:53.538 DEBUG 14896 --- [XNIO-1 task-194] r.c.m.x.r.UserEventLogMapper.page        : <==      Total: 5
2022-03-05 21:35:00.264 DEBUG 14896 --- [XNIO-1 task-195] r.c.m.x.r.SubjectMapper.allSubject       : ==>  Preparing: select id, name, level, level_name, item_order, deleted from t_subject 
2022-03-05 21:35:00.264 DEBUG 14896 --- [XNIO-1 task-195] r.c.m.x.r.SubjectMapper.allSubject       : ==> Parameters: 
2022-03-05 21:35:00.265 DEBUG 14896 --- [XNIO-1 task-195] r.c.m.x.r.SubjectMapper.allSubject       : <==      Total: 0
2022-03-05 21:35:02.618 DEBUG 14896 --- [XNIO-1 task-196] r.c.m.x.r.TaskExamMapper.page_COUNT      : ==>  Preparing: SELECT count(0) FROM t_task_exam WHERE deleted = 0 
2022-03-05 21:35:02.618 DEBUG 14896 --- [XNIO-1 task-196] r.c.m.x.r.TaskExamMapper.page_COUNT      : ==> Parameters: 
2022-03-05 21:35:02.619 DEBUG 14896 --- [XNIO-1 task-196] r.c.m.x.r.TaskExamMapper.page_COUNT      : <==      Total: 1
2022-03-05 21:35:03.833 DEBUG 14896 --- [XNIO-1 task-197] r.c.m.x.r.SubjectMapper.allSubject       : ==>  Preparing: select id, name, level, level_name, item_order, deleted from t_subject 
2022-03-05 21:35:03.833 DEBUG 14896 --- [XNIO-1 task-197] r.c.m.x.r.SubjectMapper.allSubject       : ==> Parameters: 
2022-03-05 21:35:03.834 DEBUG 14896 --- [XNIO-1 task-197] r.c.m.x.r.SubjectMapper.allSubject       : <==      Total: 0
2022-03-05 21:35:06.111 DEBUG 14896 --- [XNIO-1 task-198] r.c.m.x.r.TaskExamMapper.page_COUNT      : ==>  Preparing: SELECT count(0) FROM t_task_exam WHERE deleted = 0 
2022-03-05 21:35:06.112 DEBUG 14896 --- [XNIO-1 task-198] r.c.m.x.r.TaskExamMapper.page_COUNT      : ==> Parameters: 
2022-03-05 21:35:06.112 DEBUG 14896 --- [XNIO-1 task-198] r.c.m.x.r.TaskExamMapper.page_COUNT      : <==      Total: 1
2022-03-05 21:35:07.557 DEBUG 14896 --- [XNIO-1 task-199] r.c.m.x.r.TaskExamMapper.page_COUNT      : ==>  Preparing: SELECT count(0) FROM t_task_exam WHERE deleted = 0 
2022-03-05 21:35:07.557 DEBUG 14896 --- [XNIO-1 task-199] r.c.m.x.r.TaskExamMapper.page_COUNT      : ==> Parameters: 
2022-03-05 21:35:07.558 DEBUG 14896 --- [XNIO-1 task-199] r.c.m.x.r.TaskExamMapper.page_COUNT      : <==      Total: 1
2022-03-05 21:35:08.638 DEBUG 14896 --- [XNIO-1 task-200] r.c.m.x.r.SubjectMapper.allSubject       : ==>  Preparing: select id, name, level, level_name, item_order, deleted from t_subject 
2022-03-05 21:35:08.638 DEBUG 14896 --- [XNIO-1 task-200] r.c.m.x.r.SubjectMapper.allSubject       : ==> Parameters: 
2022-03-05 21:35:08.638 DEBUG 14896 --- [XNIO-1 task-200] r.c.m.x.r.SubjectMapper.allSubject       : <==      Total: 0
2022-03-05 21:35:18.134 DEBUG 14896 --- [XNIO-1 task-201] r.c.m.x.r.TaskExamMapper.page_COUNT      : ==>  Preparing: SELECT count(0) FROM t_task_exam WHERE deleted = 0 
2022-03-05 21:35:18.134 DEBUG 14896 --- [XNIO-1 task-201] r.c.m.x.r.TaskExamMapper.page_COUNT      : ==> Parameters: 
2022-03-05 21:35:18.135 DEBUG 14896 --- [XNIO-1 task-201] r.c.m.x.r.TaskExamMapper.page_COUNT      : <==      Total: 1
2022-03-05 21:35:19.125 DEBUG 14896 --- [XNIO-1 task-202] r.c.m.x.r.TaskExamMapper.page_COUNT      : ==>  Preparing: SELECT count(0) FROM t_task_exam WHERE deleted = 0 
2022-03-05 21:35:19.125 DEBUG 14896 --- [XNIO-1 task-202] r.c.m.x.r.TaskExamMapper.page_COUNT      : ==> Parameters: 
2022-03-05 21:35:19.126 DEBUG 14896 --- [XNIO-1 task-202] r.c.m.x.r.TaskExamMapper.page_COUNT      : <==      Total: 1
2022-03-05 21:35:20.285 DEBUG 14896 --- [XNIO-1 task-203] r.c.m.x.r.UserEventLogMapper.page_COUNT  : ==>  Preparing: SELECT count(0) FROM t_user_event_log 
2022-03-05 21:35:20.285 DEBUG 14896 --- [XNIO-1 task-203] r.c.m.x.r.UserEventLogMapper.page_COUNT  : ==> Parameters: 
2022-03-05 21:35:20.286 DEBUG 14896 --- [XNIO-1 task-203] r.c.m.x.r.UserEventLogMapper.page_COUNT  : <==      Total: 1
2022-03-05 21:35:20.286 DEBUG 14896 --- [XNIO-1 task-203] r.c.m.x.r.UserEventLogMapper.page        : ==>  Preparing: SELECT id, user_id, user_name, real_name, content, create_time FROM t_user_event_log order by id desc LIMIT ? 
2022-03-05 21:35:20.287 DEBUG 14896 --- [XNIO-1 task-203] r.c.m.x.r.UserEventLogMapper.page        : ==> Parameters: 10(Integer)
2022-03-05 21:35:20.287 DEBUG 14896 --- [XNIO-1 task-203] r.c.m.x.r.UserEventLogMapper.page        : <==      Total: 5
2022-03-05 21:35:23.355 DEBUG 14896 --- [XNIO-1 task-204] r.c.m.x.r.UserMapper.userPage_COUNT      : ==>  Preparing: SELECT count(0) FROM t_user WHERE deleted = 0 AND role = ? 
2022-03-05 21:35:23.355 DEBUG 14896 --- [XNIO-1 task-204] r.c.m.x.r.UserMapper.userPage_COUNT      : ==> Parameters: 1(Integer)
2022-03-05 21:35:23.356 DEBUG 14896 --- [XNIO-1 task-204] r.c.m.x.r.UserMapper.userPage_COUNT      : <==      Total: 1
2022-03-05 21:35:23.356 DEBUG 14896 --- [XNIO-1 task-204] r.c.m.x.repository.UserMapper.userPage   : ==>  Preparing: SELECT id, user_uuid, user_name, password, real_name, age, sex, birth_day, user_level, phone, role, status, image_path, create_time, modify_time, last_active_time, deleted, wx_open_id FROM t_user WHERE deleted = 0 AND role = ? order by id desc LIMIT ? 
2022-03-05 21:35:23.356 DEBUG 14896 --- [XNIO-1 task-204] r.c.m.x.repository.UserMapper.userPage   : ==> Parameters: 1(Integer), 10(Integer)
2022-03-05 21:35:23.357 DEBUG 14896 --- [XNIO-1 task-204] r.c.m.x.repository.UserMapper.userPage   : <==      Total: 1
2022-03-05 21:35:24.855 DEBUG 14896 --- [XNIO-1 task-205] r.c.m.x.r.E.selectAllCount               : ==>  Preparing: SELECT count(*) from t_exam_paper where deleted=0 
2022-03-05 21:35:24.855 DEBUG 14896 --- [XNIO-1 task-205] r.c.m.x.r.E.selectAllCount               : ==> Parameters: 
2022-03-05 21:35:24.856 DEBUG 14896 --- [XNIO-1 task-205] r.c.m.x.r.E.selectAllCount               : <==      Total: 1
2022-03-05 21:35:24.856 DEBUG 14896 --- [XNIO-1 task-205] r.c.m.x.r.QuestionMapper.selectAllCount  : ==>  Preparing: SELECT count(*) from t_question where deleted=0 
2022-03-05 21:35:24.856 DEBUG 14896 --- [XNIO-1 task-205] r.c.m.x.r.QuestionMapper.selectAllCount  : ==> Parameters: 
2022-03-05 21:35:24.857 DEBUG 14896 --- [XNIO-1 task-205] r.c.m.x.r.QuestionMapper.selectAllCount  : <==      Total: 1
2022-03-05 21:35:24.858 DEBUG 14896 --- [XNIO-1 task-205] r.c.m.x.r.E.selectAllCount               : ==>  Preparing: SELECT count(*) from t_exam_paper_answer 
2022-03-05 21:35:24.858 DEBUG 14896 --- [XNIO-1 task-205] r.c.m.x.r.E.selectAllCount               : ==> Parameters: 
2022-03-05 21:35:24.859 DEBUG 14896 --- [XNIO-1 task-205] r.c.m.x.r.E.selectAllCount               : <==      Total: 1
2022-03-05 21:35:24.859 DEBUG 14896 --- [XNIO-1 task-205] r.c.m.x.r.E.selectAllCount               : ==>  Preparing: SELECT count(*) from t_exam_paper_question_customer_answer 
2022-03-05 21:35:24.859 DEBUG 14896 --- [XNIO-1 task-205] r.c.m.x.r.E.selectAllCount               : ==> Parameters: 
2022-03-05 21:35:24.860 DEBUG 14896 --- [XNIO-1 task-205] r.c.m.x.r.E.selectAllCount               : <==      Total: 1
2022-03-05 21:35:24.861 DEBUG 14896 --- [XNIO-1 task-205] r.c.m.x.r.U.selectCountByDate            : ==>  Preparing: SELECT create_time as name,COUNT(create_time) as value from ( SELECT DATE_FORMAT(create_time,'%Y-%m-%d') as create_time from t_user_event_log WHERE create_time between ? and ? ) a GROUP BY create_time 
2022-03-05 21:35:24.861 DEBUG 14896 --- [XNIO-1 task-205] r.c.m.x.r.U.selectCountByDate            : ==> Parameters: 2022-03-01 00:00:00.0(Timestamp), 2022-03-31 23:59:59.0(Timestamp)
2022-03-05 21:35:24.862 DEBUG 14896 --- [XNIO-1 task-205] r.c.m.x.r.U.selectCountByDate            : <==      Total: 1
2022-03-05 21:35:24.862 DEBUG 14896 --- [XNIO-1 task-205] r.c.m.x.r.E.selectCountByDate            : ==>  Preparing: SELECT create_time as name,COUNT(create_time) as value from ( SELECT DATE_FORMAT(create_time,'%Y-%m-%d') as create_time from t_exam_paper_question_customer_answer WHERE create_time between ? and ? ) a GROUP BY create_time 
2022-03-05 21:35:24.862 DEBUG 14896 --- [XNIO-1 task-205] r.c.m.x.r.E.selectCountByDate            : ==> Parameters: 2022-03-01 00:00:00.0(Timestamp), 2022-03-31 23:59:59.0(Timestamp)
2022-03-05 21:35:24.863 DEBUG 14896 --- [XNIO-1 task-205] r.c.m.x.r.E.selectCountByDate            : <==      Total: 0
2022-03-05 21:35:57.400 DEBUG 14896 --- [XNIO-1 task-206] r.c.m.x.r.UserMapper.userPage_COUNT      : ==>  Preparing: SELECT count(0) FROM t_user WHERE deleted = 0 AND role = ? 
2022-03-05 21:35:57.400 DEBUG 14896 --- [XNIO-1 task-206] r.c.m.x.r.UserMapper.userPage_COUNT      : ==> Parameters: 3(Integer)
2022-03-05 21:35:57.400 DEBUG 14896 --- [XNIO-1 task-206] r.c.m.x.r.UserMapper.userPage_COUNT      : <==      Total: 1
2022-03-05 21:35:57.401 DEBUG 14896 --- [XNIO-1 task-206] r.c.m.x.repository.UserMapper.userPage   : ==>  Preparing: SELECT id, user_uuid, user_name, password, real_name, age, sex, birth_day, user_level, phone, role, status, image_path, create_time, modify_time, last_active_time, deleted, wx_open_id FROM t_user WHERE deleted = 0 AND role = ? order by id desc LIMIT ? 
2022-03-05 21:35:57.401 DEBUG 14896 --- [XNIO-1 task-206] r.c.m.x.repository.UserMapper.userPage   : ==> Parameters: 3(Integer), 10(Integer)
2022-03-05 21:35:57.401 DEBUG 14896 --- [XNIO-1 task-206] r.c.m.x.repository.UserMapper.userPage   : <==      Total: 1
2022-03-05 21:35:59.311 DEBUG 14896 --- [XNIO-1 task-207] r.c.m.x.r.SubjectMapper.allSubject       : ==>  Preparing: select id, name, level, level_name, item_order, deleted from t_subject 
2022-03-05 21:35:59.311 DEBUG 14896 --- [XNIO-1 task-207] r.c.m.x.r.SubjectMapper.allSubject       : ==> Parameters: 
2022-03-05 21:35:59.312 DEBUG 14896 --- [XNIO-1 task-207] r.c.m.x.r.SubjectMapper.allSubject       : <==      Total: 0
2022-03-05 21:35:59.616 DEBUG 14896 --- [XNIO-1 task-208] r.c.m.x.r.ExamPaperMapper.page_COUNT     : ==>  Preparing: SELECT count(0) FROM t_exam_paper WHERE deleted = 0 
2022-03-05 21:35:59.616 DEBUG 14896 --- [XNIO-1 task-208] r.c.m.x.r.ExamPaperMapper.page_COUNT     : ==> Parameters: 
2022-03-05 21:35:59.616 DEBUG 14896 --- [XNIO-1 task-208] r.c.m.x.r.ExamPaperMapper.page_COUNT     : <==      Total: 1
2022-03-05 21:36:03.150 DEBUG 14896 --- [XNIO-1 task-209] r.c.m.x.r.SubjectMapper.allSubject       : ==>  Preparing: select id, name, level, level_name, item_order, deleted from t_subject 
2022-03-05 21:36:03.150 DEBUG 14896 --- [XNIO-1 task-209] r.c.m.x.r.SubjectMapper.allSubject       : ==> Parameters: 
2022-03-05 21:36:03.150 DEBUG 14896 --- [XNIO-1 task-209] r.c.m.x.r.SubjectMapper.allSubject       : <==      Total: 0
2022-03-05 21:36:09.058 DEBUG 14896 --- [XNIO-1 task-210] r.c.m.x.r.MessageMapper.page_COUNT       : ==>  Preparing: SELECT count(0) FROM t_message 
2022-03-05 21:36:09.058 DEBUG 14896 --- [XNIO-1 task-210] r.c.m.x.r.MessageMapper.page_COUNT       : ==> Parameters: 
2022-03-05 21:36:09.059 DEBUG 14896 --- [XNIO-1 task-210] r.c.m.x.r.MessageMapper.page_COUNT       : <==      Total: 1
2022-03-05 21:36:12.311 DEBUG 14896 --- [XNIO-1 task-211] r.c.m.x.r.MessageMapper.page_COUNT       : ==>  Preparing: SELECT count(0) FROM t_message 
2022-03-05 21:36:12.312 DEBUG 14896 --- [XNIO-1 task-211] r.c.m.x.r.MessageMapper.page_COUNT       : ==> Parameters: 
2022-03-05 21:36:12.312 DEBUG 14896 --- [XNIO-1 task-211] r.c.m.x.r.MessageMapper.page_COUNT       : <==      Total: 1
